#000000 (0,0,0)       Black
#800000 (128,0,0)     Maroon,Red
#008000 (0,128,0)     Green
#808000 (128,128,0)   Olive,Green
#000080 (0,0,128)     Navy,Blue
#800080 (128,0,128)   Purple,Plum,Violet
#008080 (0,128,128)   Teal,Cyan,Aqua,Turquoise
#c0c0c0 (192,192,192) Silver,Grey,Gray
#808080 (128,128,128) Grey,Gray
#ff0000 (255,0,0)     Red
#00ff00 (0,255,0)     Lime,Green
#ffff00 (255,255,0)   Yellow,Gold
#0000ff (0,0,255)     Blue
#ff00ff (255,0,255)   Fuchsia,Purple,Pink,Plum,Violet
#00ffff (0,255,255)   Aqua,Teal,Cyan,Turquoise
#ffffff (255,255,255) White
#000000 (0,0,0)       Grey0,Gray
#00005f (0,0,95)      NavyBlue,Blue
#000087 (0,0,135)     DarkBlue
#0000af (0,0,175)     Blue3
#0000d7 (0,0,215)     Blue3
#0000ff (0,0,255)     Blue1
#005f00 (0,95,0)      DarkGreen
#005f5f (0,95,95)     DeepSkyBlue4
#005f87 (0,95,135)    DeepSkyBlue4
#005faf (0,95,175)    DeepSkyBlue4
#005fd7 (0,95,215)    DodgerBlue3
#005fff (0,95,255)    DodgerBlue2
#008700 (0,135,0)     Green4
#00875f (0,135,95)    SpringGreen4
#008787 (0,135,135)   Turquoise4,Aqua,Teal,Cyan
#0087af (0,135,175)   DeepSkyBlue3
#0087d7 (0,135,215)   DeepSkyBlue3
#0087ff (0,135,255)   DodgerBlue1
#00af00 (0,175,0)     Green3
#00af5f (0,175,95)    SpringGreen3
#00af87 (0,175,135)   DarkCyan,Turquoise,Aqua,Teal
#00afaf (0,175,175)   LightSeaGreen
#00afd7 (0,175,215)   DeepSkyBlue2
#00afff (0,175,255)   DeepSkyBlue1
#00d700 (0,215,0)     Green3,Turquoise,Aqua,Teal
#00d75f (0,215,95)    SpringGreen3
#00d787 (0,215,135)   SpringGreen2
#00d7af (0,215,175)   Cyan3,Turquoise,Aqua,Teal
#00d7d7 (0,215,215)   DarkTurquoise,Aqua,Teal,Cyan
#00d7ff (0,215,255)   Turquoise2,Aqua,Teal,Cyan
#00ff00 (0,255,0)     Green1
#00ff5f (0,255,95)    SpringGreen2
#00ff87 (0,255,135)   SpringGreen1
#00ffaf (0,255,175)   MediumSpringGreen
#00ffd7 (0,255,215)   Cyan2,Turquoise,Aqua,Teal
#00ffff (0,255,255)   Cyan1,Turquoise,Aqua,Teal
#5f0000 (95,0,0)      DarkRed
#5f005f (95,0,95)     DeepPink4
#5f0087 (95,0,135)    Purple4,Plum,Violet
#5f00af (95,0,175)    Purple4,Plum,Violet
#5f00d7 (95,0,215)    Purple3,Plum,Violet
#5f00ff (95,0,255)    BlueViolet,Purple,Plum,Violet
#5f5f00 (95,95,0)     Orange4,Brown
#5f5f5f (95,95,95)    Grey37,Gray
#5f5f87 (95,95,135)   MediumPurple4,Violet,Plum,Violet
#5f5faf (95,95,175)   SlateBlue3
#5f5fd7 (95,95,215)   SlateBlue3
#5f5fff (95,95,255)   RoyalBlue1
#5f8700 (95,135,0)    Chartreuse4,Green
#5f875f (95,135,95)   DarkSeaGreen4
#5f8787 (95,135,135)  PaleTurquoise4,Aqua,Teal,Cyan
#5f87af (95,135,175)  SteelBlue
#5f87d7 (95,135,215)  SteelBlue3
#5f87ff (95,135,255)  CornflowerBlue
#5faf00 (95,175,0)    Chartreuse3,Green
#5faf5f (95,175,95)   DarkSeaGreen4
#5faf87 (95,175,135)  CadetBlue
#5fafaf (95,175,175)  CadetBlue
#5fafd7 (95,175,215)  SkyBlue3
#5fafff (95,175,255)  SteelBlue1
#5fd700 (95,215,0)    Chartreuse3,Green
#5fd75f (95,215,95)   PaleGreen3
#5fd787 (95,215,135)  SeaGreen3
#5fd7af (95,215,175)  Aquamarine3,Teal,Cyan,Turquoise
#5fd7d7 (95,215,215)  MediumTurquoise,Aqua,Teal,Cyan
#5fd7ff (95,215,255)  SteelBlue1
#5fff00 (95,255,0)    Chartreuse2,Green
#5fff5f (95,255,95)   SeaGreen2
#5fff87 (95,255,135)  SeaGreen1
#5fffaf (95,255,175)  SeaGreen1
#5fffd7 (95,255,215)  Aquamarine1,Teal,Cyan,Turquoise
#5fffff (95,255,255)  DarkSlateGray2,Grey
#870000 (135,0,0)     DarkRed
#87005f (135,0,95)    DeepPink4
#870087 (135,0,135)   DarkMagenta,Pink,Purple,Violet,Plum
#8700af (135,0,175)   DarkMagenta,Pink,Purple,Violet,Plum
#8700d7 (135,0,215)   DarkViolet,Purple,Plum,Violet
#8700ff (135,0,255)   Purple,Plum,Violet
#875f00 (135,95,0)    Orange4,Brown
#875f5f (135,95,95)   LightPink4
#875f87 (135,95,135)  Plum4,Violet
#875faf (135,95,175)  MediumPurple3,Plum,Violet
#875fd7 (135,95,215)  MediumPurple3,Plum,Violet
#875fff (135,95,255)  SlateBlue1
#878700 (135,135,0)   Yellow4,Gold
#87875f (135,135,95)  Wheat4,Yellow,Gold
#878787 (135,135,135) Grey53,Gray
#8787af (135,135,175) LightSlateGrey,Gray
#8787d7 (135,135,215) MediumPurple,Plum,Violet
#8787ff (135,135,255) LightSlateBlue
#87af00 (135,175,0)   Yellow4,Gold
#87af5f (135,175,95)  DarkOliveGreen3,Green
#87af87 (135,175,135) DarkSeaGreen
#87afaf (135,175,175) LightSkyBlue3
#87afd7 (135,175,215) LightSkyBlue3
#87afff (135,175,255) SkyBlue2
#87d700 (135,215,0)   Chartreuse2,Green
#87d75f (135,215,95)  DarkOliveGreen3,Green
#87d787 (135,215,135) PaleGreen3
#87d7af (135,215,175) DarkSeaGreen3
#87d7d7 (135,215,215) DarkSlateGray3
#87d7ff (135,215,255) SkyBlue1
#87ff00 (135,255,0)   Chartreuse1,Green
#87ff5f (135,255,95)  LightGreen
#87ff87 (135,255,135) LightGreen
#87ffaf (135,255,175) PaleGreen1
#87ffd7 (135,255,215) Aquamarine1,Teal,Cyan,Turquoise
#87ffff (135,255,255) DarkSlateGray1
#af0000 (175,0,0)     Red3
#af005f (175,0,95)    DeepPink4
#af0087 (175,0,135)   MediumVioletRed,Purple,Plum,Violet
#af00af (175,0,175)   Magenta3,Pink,Purple,Violet,Plum
#af00d7 (175,0,215)   DarkViolet,Purple,Plum,Violet
#af00ff (175,0,255)   Purple,Plum,Violet
#af5f00 (175,95,0)    DarkOrange3,Brown
#af5f5f (175,95,95)   IndianRed
#af5f87 (175,95,135)  HotPink3
#af5faf (175,95,175)  MediumOrchid3
#af5fd7 (175,95,215)  MediumOrchid
#af5fff (175,95,255)  MediumPurple2,Plum,Violet
#af8700 (175,135,0)   DarkGoldenrod,Yellow
#af875f (175,135,95)  LightSalmon3,Pink
#af8787 (175,135,135) RosyBrown
#af87af (175,135,175) Grey63,Gray
#af87d7 (175,135,215) MediumPurple2,Plum,Violet
#af87ff (175,135,255) MediumPurple1,Plum,Violet
#afaf00 (175,175,0)   Gold3,Yellow
#afaf5f (175,175,95)  DarkKhaki,Yellow
#afaf87 (175,175,135) NavajoWhite3
#afafaf (175,175,175) Grey69,Gray
#afafd7 (175,175,215) LightSteelBlue3
#afafff (175,175,255) LightSteelBlue
#afd700 (175,215,0)   Yellow3,Gold
#afd75f (175,215,95)  DarkOliveGreen3,Green
#afd787 (175,215,135) DarkSeaGreen3
#afd7af (175,215,175) DarkSeaGreen2
#afd7d7 (175,215,215) LightCyan3,Teal
#afd7ff (175,215,255) LightSkyBlue1
#afff00 (175,255,0)   GreenYellow,Gold
#afff5f (175,255,95)  DarkOliveGreen2,Green
#afff87 (175,255,135) PaleGreen1
#afffaf (175,255,175) DarkSeaGreen2
#afffd7 (175,255,215) DarkSeaGreen1
#afffff (175,255,255) PaleTurquoise1,Aqua,Teal,Cyan
#d70000 (215,0,0)     Red3
#d7005f (215,0,95)    DeepPink3
#d70087 (215,0,135)   DeepPink3
#d700af (215,0,175)   Magenta3,Pink,Purple,Violet,Plum
#d700d7 (215,0,215)   Magenta3,Pink,Purple,Violet,Plum
#d700ff (215,0,255)   Magenta2,Pink,Purple,Violet,Plum
#d75f00 (215,95,0)    DarkOrange3
#d75f5f (215,95,95)   IndianRed
#d75f87 (215,95,135)  HotPink3
#d75faf (215,95,175)  HotPink2
#d75fd7 (215,95,215)  Orchid
#d75fff (215,95,255)  MediumOrchid1
#d78700 (215,135,0)   Orange3
#d7875f (215,135,95)  LightSalmon3,Pink
#d78787 (215,135,135) LightPink3
#d787af (215,135,175) Pink3
#d787d7 (215,135,215) Plum3,Violet
#d787ff (215,135,255) Violet,Purple,Plum,Violet
#d7af00 (215,175,0)   Gold3,Yellow
#d7af5f (215,175,95)  LightGoldenrod3,Yellow
#d7af87 (215,175,135) Tan,Brown
#d7afaf (215,175,175) MistyRose3,Red
#d7afd7 (215,175,215) Thistle3,Purple,Plum,Violet
#d7afff (215,175,255) Plum2,Violet
#d7d700 (215,215,0)   Yellow3,Gold
#d7d75f (215,215,95)  Khaki3,Yellow
#d7d787 (215,215,135) LightGoldenrod2,Yellow
#d7d7af (215,215,175) LightYellow3,Gold
#d7d7d7 (215,215,215) Grey84,Gray
#d7d7ff (215,215,255) LightSteelBlue1
#d7ff00 (215,255,0)   Yellow2,Gold
#d7ff5f (215,255,95)  DarkOliveGreen1,Green
#d7ff87 (215,255,135) DarkOliveGreen1,Green
#d7ffaf (215,255,175) DarkSeaGreen1
#d7ffd7 (215,255,215) Honeydew2
#d7ffff (215,255,255) LightCyan1,Turquoise,Aqua,Teal
#ff0000 (255,0,0)     Red1
#ff005f (255,0,95)    DeepPink2
#ff0087 (255,0,135)   DeepPink1
#ff00af (255,0,175)   DeepPink1
#ff00d7 (255,0,215)   Magenta2,Pink,Purple,Violet,Plum
#ff00ff (255,0,255)   Magenta1,Pink,Purple,Violet,Plum
#ff5f00 (255,95,0)    OrangeRed1
#ff5f5f (255,95,95)   IndianRed1
#ff5f87 (255,95,135)  IndianRed1
#ff5faf (255,95,175)  HotPink
#ff5fd7 (255,95,215)  HotPink
#ff5fff (255,95,255)  MediumOrchid1
#ff8700 (255,135,0)   DarkOrange
#ff875f (255,135,95)  Salmon1,Pink
#ff8787 (255,135,135) LightCoral
#ff87af (255,135,175) PaleVioletRed1,Purple,Plum,Violet
#ff87d7 (255,135,215) Orchid2
#ff87ff (255,135,255) Orchid1
#ffaf00 (255,175,0)   Orange1
#ffaf5f (255,175,95)  SandyBrown
#ffaf87 (255,175,135) LightSalmon1,Pink
#ffafaf (255,175,175) LightPink1
#ffafd7 (255,175,215) Pink1
#ffafff (255,175,255) Plum1,Violet
#ffd700 (255,215,0)   Gold1,Yellow
#ffd75f (255,215,95)  LightGoldenrod2
#ffd787 (255,215,135) LightGoldenrod2
#ffd7af (255,215,175) NavajoWhite1
#ffd7d7 (255,215,215) MistyRose1,Red
#ffd7ff (255,215,255) Thistle1,Purple,Plum,Violet
#ffff00 (255,255,0)   Yellow1,Gold
#ffff5f (255,255,95)  LightGoldenrod1
#ffff87 (255,255,135) Khaki1,Yellow,Gold
#ffffaf (255,255,175) Wheat1,Yellow,Gold
#ffffd7 (255,255,215) Cornsilk1,Yellow,Gold
#ffffff (255,255,255) Grey100,Gray
#080808 (8,8,8)       Grey3,Gray
#121212 (18,18,18)    Grey7,Gray
#1c1c1c (28,28,28)    Grey11,Gray
#262626 (38,38,38)    Grey15,Gray
#303030 (48,48,48)    Grey19,Gray
#3a3a3a (58,58,58)    Grey23,Gray
#444444 (68,68,68)    Grey27,Gray
#4e4e4e (78,78,78)    Grey30,Gray
#585858 (88,88,88)    Grey35,Gray
#626262 (98,98,98)    Grey39,Gray
#6c6c6c (108,108,108) Grey42,Gray
#767676 (118,118,118) Grey46,Gray
#808080 (128,128,128) Grey50,Gray
#8a8a8a (138,138,138) Grey54,Gray
#949494 (148,148,148) Grey58,Gray
#9e9e9e (158,158,158) Grey62,Gray
#a8a8a8 (168,168,168) Grey66,Gray
#b2b2b2 (178,178,178) Grey70,Gray
#bcbcbc (188,188,188) Grey74,Gray
#c6c6c6 (198,198,198) Grey78,Gray
#d0d0d0 (208,208,208) Grey82,Gray
#dadada (218,218,218) Grey85,Gray
#e4e4e4 (228,228,228) Grey89,Gray
#eeeeee (238,238,238) Grey93,Gray
