000 #000000 (0,0,0) Black
001 #800000 (128,0,0) Maroon
002 #008000 (0,128,0) Green
003 #808000 (128,128,0) Olive
004 #000080 (0,0,128) Navy
005 #800080 (128,0,128) Purple
006 #008080 (0,128,128) Teal
007 #c0c0c0 (192,192,192) Silver
008 #808080 (128,128,128) Grey
009 #ff0000 (255,0,0) Red
010 #00ff00 (0,255,0) Lime
011 #ffff00 (255,255,0) Yellow
012 #0000ff (0,0,255) Blue
013 #ff00ff (255,0,255) Fuchsia
014 #00ffff (0,255,255) Aqua
015 #ffffff (255,255,255) White
016 #000000 (0,0,0) Grey0
017 #00005f (0,0,95) NavyBlue
018 #000087 (0,0,135) DarkBlue
019 #0000af (0,0,175) Blue3
020 #0000d7 (0,0,215) Blue3
021 #0000ff (0,0,255) Blue1
022 #005f00 (0,95,0) DarkGreen
023 #005f5f (0,95,95) DeepSkyBlue4
024 #005f87 (0,95,135) DeepSkyBlue4
025 #005faf (0,95,175) DeepSkyBlue4
026 #005fd7 (0,95,215) DodgerBlue3
027 #005fff (0,95,255) DodgerBlue2
028 #008700 (0,135,0) Green4
029 #00875f (0,135,95) SpringGreen4
030 #008787 (0,135,135) Turquoise4
031 #0087af (0,135,175) DeepSkyBlue3
032 #0087d7 (0,135,215) DeepSkyBlue3
033 #0087ff (0,135,255) DodgerBlue1
034 #00af00 (0,175,0) Green3
035 #00af5f (0,175,95) SpringGreen3
036 #00af87 (0,175,135) DarkCyan
037 #00afaf (0,175,175) LightSeaGreen
038 #00afd7 (0,175,215) DeepSkyBlue2
039 #00afff (0,175,255) DeepSkyBlue1
040 #00d700 (0,215,0) Green3
041 #00d75f (0,215,95) SpringGreen3
042 #00d787 (0,215,135) SpringGreen2
043 #00d7af (0,215,175) Cyan3
044 #00d7d7 (0,215,215) DarkTurquoise
045 #00d7ff (0,215,255) Turquoise2
046 #00ff00 (0,255,0) Green1
047 #00ff5f (0,255,95) SpringGreen2
048 #00ff87 (0,255,135) SpringGreen1
049 #00ffaf (0,255,175) MediumSpringGreen
050 #00ffd7 (0,255,215) Cyan2
051 #00ffff (0,255,255) Cyan1
052 #5f0000 (95,0,0) DarkRed
053 #5f005f (95,0,95) DeepPink4
054 #5f0087 (95,0,135) Purple4
055 #5f00af (95,0,175) Purple4
056 #5f00d7 (95,0,215) Purple3
057 #5f00ff (95,0,255) BlueViolet
058 #5f5f00 (95,95,0) Orange4
059 #5f5f5f (95,95,95) Grey37
060 #5f5f87 (95,95,135) MediumPurple4
061 #5f5faf (95,95,175) SlateBlue3
062 #5f5fd7 (95,95,215) SlateBlue3
063 #5f5fff (95,95,255) RoyalBlue1
064 #5f8700 (95,135,0) Chartreuse4
065 #5f875f (95,135,95) DarkSeaGreen4
066 #5f8787 (95,135,135) PaleTurquoise4
067 #5f87af (95,135,175) SteelBlue
068 #5f87d7 (95,135,215) SteelBlue3
069 #5f87ff (95,135,255) CornflowerBlue
070 #5faf00 (95,175,0) Chartreuse3
071 #5faf5f (95,175,95) DarkSeaGreen4
072 #5faf87 (95,175,135) CadetBlue
073 #5fafaf (95,175,175) CadetBlue
074 #5fafd7 (95,175,215) SkyBlue3
075 #5fafff (95,175,255) SteelBlue1
076 #5fd700 (95,215,0) Chartreuse3
077 #5fd75f (95,215,95) PaleGreen3
078 #5fd787 (95,215,135) SeaGreen3
079 #5fd7af (95,215,175) Aquamarine3
080 #5fd7d7 (95,215,215) MediumTurquoise
081 #5fd7ff (95,215,255) SteelBlue1
082 #5fff00 (95,255,0) Chartreuse2
083 #5fff5f (95,255,95) SeaGreen2
084 #5fff87 (95,255,135) SeaGreen1
085 #5fffaf (95,255,175) SeaGreen1
086 #5fffd7 (95,255,215) Aquamarine1
087 #5fffff (95,255,255) DarkSlateGray2
088 #870000 (135,0,0) DarkRed
089 #87005f (135,0,95) DeepPink4
090 #870087 (135,0,135) DarkMagenta
091 #8700af (135,0,175) DarkMagenta
092 #8700d7 (135,0,215) DarkViolet
093 #8700ff (135,0,255) Purple
094 #875f00 (135,95,0) Orange4
095 #875f5f (135,95,95) LightPink4
096 #875f87 (135,95,135) Plum4
097 #875faf (135,95,175) MediumPurple3
098 #875fd7 (135,95,215) MediumPurple3
099 #875fff (135,95,255) SlateBlue1
100 #878700 (135,135,0) Yellow4
101 #87875f (135,135,95) Wheat4
102 #878787 (135,135,135) Grey53
103 #8787af (135,135,175) LightSlateGrey
104 #8787d7 (135,135,215) MediumPurple
105 #8787ff (135,135,255) LightSlateBlue
106 #87af00 (135,175,0) Yellow4
107 #87af5f (135,175,95) DarkOliveGreen3
108 #87af87 (135,175,135) DarkSeaGreen
109 #87afaf (135,175,175) LightSkyBlue3
110 #87afd7 (135,175,215) LightSkyBlue3
111 #87afff (135,175,255) SkyBlue2
112 #87d700 (135,215,0) Chartreuse2
113 #87d75f (135,215,95) DarkOliveGreen3
114 #87d787 (135,215,135) PaleGreen3
115 #87d7af (135,215,175) DarkSeaGreen3
116 #87d7d7 (135,215,215) DarkSlateGray3
117 #87d7ff (135,215,255) SkyBlue1
118 #87ff00 (135,255,0) Chartreuse1
119 #87ff5f (135,255,95) LightGreen
120 #87ff87 (135,255,135) LightGreen
121 #87ffaf (135,255,175) PaleGreen1
122 #87ffd7 (135,255,215) Aquamarine1
123 #87ffff (135,255,255) DarkSlateGray1
124 #af0000 (175,0,0) Red3
125 #af005f (175,0,95) DeepPink4
126 #af0087 (175,0,135) MediumVioletRed
127 #af00af (175,0,175) Magenta3
128 #af00d7 (175,0,215) DarkViolet
129 #af00ff (175,0,255) Purple
130 #af5f00 (175,95,0) DarkOrange3
131 #af5f5f (175,95,95) IndianRed
132 #af5f87 (175,95,135) HotPink3
133 #af5faf (175,95,175) MediumOrchid3
134 #af5fd7 (175,95,215) MediumOrchid
135 #af5fff (175,95,255) MediumPurple2
136 #af8700 (175,135,0) DarkGoldenrod
137 #af875f (175,135,95) LightSalmon3
138 #af8787 (175,135,135) RosyBrown
139 #af87af (175,135,175) Grey63
140 #af87d7 (175,135,215) MediumPurple2
141 #af87ff (175,135,255) MediumPurple1
142 #afaf00 (175,175,0) Gold3
143 #afaf5f (175,175,95) DarkKhaki
144 #afaf87 (175,175,135) NavajoWhite3
145 #afafaf (175,175,175) Grey69
146 #afafd7 (175,175,215) LightSteelBlue3
147 #afafff (175,175,255) LightSteelBlue
148 #afd700 (175,215,0) Yellow3
149 #afd75f (175,215,95) DarkOliveGreen3
150 #afd787 (175,215,135) DarkSeaGreen3
151 #afd7af (175,215,175) DarkSeaGreen2
152 #afd7d7 (175,215,215) LightCyan3
153 #afd7ff (175,215,255) LightSkyBlue1
154 #afff00 (175,255,0) GreenYellow
155 #afff5f (175,255,95) DarkOliveGreen2
156 #afff87 (175,255,135) PaleGreen1
157 #afffaf (175,255,175) DarkSeaGreen2
158 #afffd7 (175,255,215) DarkSeaGreen1
159 #afffff (175,255,255) PaleTurquoise1
160 #d70000 (215,0,0) Red3
161 #d7005f (215,0,95) DeepPink3
162 #d70087 (215,0,135) DeepPink3
163 #d700af (215,0,175) Magenta3
164 #d700d7 (215,0,215) Magenta3
165 #d700ff (215,0,255) Magenta2
166 #d75f00 (215,95,0) DarkOrange3
167 #d75f5f (215,95,95) IndianRed
168 #d75f87 (215,95,135) HotPink3
169 #d75faf (215,95,175) HotPink2
170 #d75fd7 (215,95,215) Orchid
171 #d75fff (215,95,255) MediumOrchid1
172 #d78700 (215,135,0) Orange3
173 #d7875f (215,135,95) LightSalmon3
174 #d78787 (215,135,135) LightPink3
175 #d787af (215,135,175) Pink3
176 #d787d7 (215,135,215) Plum3
177 #d787ff (215,135,255) Violet
178 #d7af00 (215,175,0) Gold3
179 #d7af5f (215,175,95) LightGoldenrod3
180 #d7af87 (215,175,135) Tan
181 #d7afaf (215,175,175) MistyRose3
182 #d7afd7 (215,175,215) Thistle3
183 #d7afff (215,175,255) Plum2
184 #d7d700 (215,215,0) Yellow3
185 #d7d75f (215,215,95) Khaki3
186 #d7d787 (215,215,135) LightGoldenrod2
187 #d7d7af (215,215,175) LightYellow3
188 #d7d7d7 (215,215,215) Grey84
189 #d7d7ff (215,215,255) LightSteelBlue1
190 #d7ff00 (215,255,0) Yellow2
191 #d7ff5f (215,255,95) DarkOliveGreen1
192 #d7ff87 (215,255,135) DarkOliveGreen1
193 #d7ffaf (215,255,175) DarkSeaGreen1
194 #d7ffd7 (215,255,215) Honeydew2
195 #d7ffff (215,255,255) LightCyan1
196 #ff0000 (255,0,0) Red1
197 #ff005f (255,0,95) DeepPink2
198 #ff0087 (255,0,135) DeepPink1
199 #ff00af (255,0,175) DeepPink1
200 #ff00d7 (255,0,215) Magenta2
201 #ff00ff (255,0,255) Magenta1
202 #ff5f00 (255,95,0) OrangeRed1
203 #ff5f5f (255,95,95) IndianRed1
204 #ff5f87 (255,95,135) IndianRed1
205 #ff5faf (255,95,175) HotPink
206 #ff5fd7 (255,95,215) HotPink
207 #ff5fff (255,95,255) MediumOrchid1
208 #ff8700 (255,135,0) DarkOrange
209 #ff875f (255,135,95) Salmon1
210 #ff8787 (255,135,135) LightCoral
211 #ff87af (255,135,175) PaleVioletRed1
212 #ff87d7 (255,135,215) Orchid2
213 #ff87ff (255,135,255) Orchid1
214 #ffaf00 (255,175,0) Orange1
215 #ffaf5f (255,175,95) SandyBrown
216 #ffaf87 (255,175,135) LightSalmon1
217 #ffafaf (255,175,175) LightPink1
218 #ffafd7 (255,175,215) Pink1
219 #ffafff (255,175,255) Plum1
220 #ffd700 (255,215,0) Gold1
221 #ffd75f (255,215,95) LightGoldenrod2
222 #ffd787 (255,215,135) LightGoldenrod2
223 #ffd7af (255,215,175) NavajoWhite1
224 #ffd7d7 (255,215,215) MistyRose1
225 #ffd7ff (255,215,255) Thistle1
226 #ffff00 (255,255,0) Yellow1
227 #ffff5f (255,255,95) LightGoldenrod1
228 #ffff87 (255,255,135) Khaki1
229 #ffffaf (255,255,175) Wheat1
230 #ffffd7 (255,255,215) Cornsilk1
231 #ffffff (255,255,255) Grey100
232 #080808 (8,8,8) Grey3
233 #121212 (18,18,18) Grey7
234 #1c1c1c (28,28,28) Grey11
235 #262626 (38,38,38) Grey15
236 #303030 (48,48,48) Grey19
237 #3a3a3a (58,58,58) Grey23
238 #444444 (68,68,68) Grey27
239 #4e4e4e (78,78,78) Grey30
240 #585858 (88,88,88) Grey35
241 #626262 (98,98,98) Grey39
242 #6c6c6c (108,108,108) Grey42
243 #767676 (118,118,118) Grey46
244 #808080 (128,128,128) Grey50
245 #8a8a8a (138,138,138) Grey54
246 #949494 (148,148,148) Grey58
247 #9e9e9e (158,158,158) Grey62
248 #a8a8a8 (168,168,168) Grey66
249 #b2b2b2 (178,178,178) Grey70
250 #bcbcbc (188,188,188) Grey74
251 #c6c6c6 (198,198,198) Grey78
252 #d0d0d0 (208,208,208) Grey82
253 #dadada (218,218,218) Grey85
254 #e4e4e4 (228,228,228) Grey89
255 #eeeeee (238,238,238) Grey93
